<?xml version="1.0" encoding="UTF-8"?>
<!-- Generated by org.testng.reporters.JUnitReportReporter -->
<testsuite skipped="0" hostname="Jinus-MacBook-Pro.local" name="TestSuite" tests="2" failures="0" timestamp="24 Aug 2018 05:57:21 GMT" time="19.566" errors="0">
  <testcase name="Testcase2" time="9.944" classname="TestSuite"/>
  <testcase name="Testcase1" time="9.622" classname="TestSuite"/>
</testsuite> <!-- TestSuite -->
