<?xml version="1.0" encoding="UTF-8"?>
<!-- Generated by org.testng.reporters.JUnitReportReporter -->
<testsuite skipped="0" hostname="Jinus-MBP" name="TestSuite" tests="2" failures="0" timestamp="10 Aug 2018 00:47:34 GMT" time="4.903" errors="0">
  <testcase name="Testcase2" time="2.799" classname="TestSuite"/>
  <testcase name="Testcase1" time="2.104" classname="TestSuite"/>
</testsuite> <!-- TestSuite -->
