<?xml version="1.0" encoding="UTF-8"?>
<!-- Generated by org.testng.reporters.JUnitReportReporter -->
<testsuite skipped="0" hostname="Jinus-MacBook-Pro.local" name="TestSuite" tests="2" failures="0" timestamp="10 Aug 2018 09:38:36 GMT" time="22.412" errors="0">
  <testcase name="Testcase2" time="10.142" classname="TestSuite"/>
  <testcase name="Testcase1" time="12.270" classname="TestSuite"/>
</testsuite> <!-- TestSuite -->
